#
# Call Trace Generated By Pin
#
_dl_start(0x7ffe6a283a80,...)
__rtld_malloc_init_stubs(0,...)
_dl_setup_hash(0x7f1eda8a1af0,...)
_dl_sysdep_start(0x7ffe6a283a80,...)
__GI___tunables_init(0x7ffe6a283a98,...)
_dl_sort_maps_init(0x4d,...)
__tunable_get_val(0xc,...)
__brk(0,...)
_dl_x86_init_cpu_features(0,...)
get_common_indices.constprop.0(0x7ffe6a283898,...)
update_active.constprop.0(0x1,...)
handle_intel.constprop.0(0xbc,...)
intel_check_word.constprop.0(0xbc,...)
intel_check_word.constprop.0(0xbc,...)
handle_intel.constprop.0(0xbf,...)
intel_check_word.constprop.0(0xbf,...)
intel_check_word.constprop.0(0xbf,...)
handle_intel.constprop.0(0xc2,...)
intel_check_word.constprop.0(0xc2,...)
intel_check_word.constprop.0(0xc2,...)
handle_intel.constprop.0(0xb9,...)
intel_check_word.constprop.0(0xb9,...)
intel_check_word.constprop.0(0xb9,...)
handle_intel.constprop.0(0xbb,...)
intel_check_word.constprop.0(0xbb,...)
intel_check_word.constprop.0(0xbb,...)
handle_intel.constprop.0(0xbd,...)
intel_check_word.constprop.0(0xbd,...)
intel_check_word.constprop.0(0xbd,...)
handle_intel.constprop.0(0xbe,...)
intel_check_word.constprop.0(0xbe,...)
intel_check_word.constprop.0(0xbe,...)
handle_intel.constprop.0(0xc0,...)
intel_check_word.constprop.0(0xc0,...)
intel_check_word.constprop.0(0xc0,...)
handle_intel.constprop.0(0xc1,...)
intel_check_word.constprop.0(0xc1,...)
intel_check_word.constprop.0(0xc1,...)
handle_intel.constprop.0(0xc3,...)
intel_check_word.constprop.0(0xc3,...)
intel_check_word.constprop.0(0xc3,...)
handle_intel.constprop.0(0xc4,...)
intel_check_word.constprop.0(0xc4,...)
intel_check_word.constprop.0(0xc4,...)
handle_intel.constprop.0(0xc5,...)
intel_check_word.constprop.0(0xc5,...)
intel_check_word.constprop.0(0xc5,...)
intel_check_word.constprop.0(0xc5,...)
intel_check_word.constprop.0(0xc5,...)
get_common_cache_info.constprop.0(0x7ffe6a2838a8,...)
__tunable_get_val(0x1c,...)
__tunable_get_val(0x4,...)
__tunable_get_val(0x10,...)
__tunable_get_val(0xa,...)
__tunable_get_val(0xf,...)
__GI___tunable_set_val(0x1c,...)
__GI___tunable_set_val(0x4,...)
__GI___tunable_set_val(0x10,...)
__GI___tunable_set_val(0xa,...)
__GI___tunable_set_val(0xf,...)
__tunable_get_val(0x18,...)
__tunable_get_val(0x17,...)
__tunable_get_val(0x11,...)
strlen(0x7ffe6a283e09,...)
__sbrk(0,...)
dl_main(0x55c0a0933040,...)
__tls_pre_init_tp(0x55c0a0933040,...)
_dl_next_ld_env_entry(0x7ffe6a2836d0,...)
_dl_new_object(0x7f1eda895ee9,...)
__minimal_calloc(0x5a9,...)
memcpy(0x7f1eda8a2888,...)
_dl_add_to_namespace_list(0x7f1eda8a22e0,...)
rtld_mutex_dummy(0x7f1eda8a1a70,...)
_dl_process_pt_gnu_property(0x7f1eda8a22e0,...)
strcmp(0x55c0a0933318,...)
_dl_setup_hash(0x7f1eda8a22e0,...)
_dl_new_object(0x7f1eda895ee9,...)
strlen(0x7f1eda895ee9,...)
__minimal_calloc(0x5a9,...)
memcpy(0x7f1eda8a2e38,...)
_dl_setup_hash(0x7f1eda8a2890,...)
_dl_add_to_namespace_list(0x7f1eda8a2890,...)
rtld_mutex_dummy(0x7f1eda8a1a70,...)
_dl_lookup_symbol_x(0x7f1eda895df0,...)
do_lookup_x(0x7f1eda895df0,...)
check_match(0x7f1eda895df0,...)
strcmp(0x7ffe6a3c6321,...)
_dl_lookup_symbol_x(0x7f1eda895e05,...)
do_lookup_x(0x7f1eda895e05,...)
check_match(0x7f1eda895e05,...)
strcmp(0x7ffe6a3c6301,...)
_dl_lookup_symbol_x(0x7f1eda895e19,...)
do_lookup_x(0x7f1eda895e19,...)
check_match(0x7f1eda895e19,...)
strcmp(0x7ffe6a3c6315,...)
_dl_lookup_symbol_x(0x7f1eda895e25,...)
do_lookup_x(0x7f1eda895e25,...)
check_match(0x7f1eda895e25,...)
strcmp(0x7ffe6a3c634a,...)
_dl_lookup_symbol_x(0x7f1eda895e33,...)
do_lookup_x(0x7f1eda895e33,...)
check_match(0x7f1eda895e33,...)
strcmp(0x7ffe6a3c6336,...)
_dl_discover_osversion(0x1,...)
_dl_init_paths(0,...)
_dl_important_hwcaps(0,...)
__tunable_get_val(0x13,...)
_dl_hwcaps_subdirs_active(0x13,...)
_dl_hwcaps_split_masked(0x7ffe6a283580,...)
_dl_hwcaps_split_masked(0x7ffe6a283580,...)
index(0x7f1eda896c70,...)
index(0x7f1eda896c7a,...)
index(0x7f1eda896c84,...)
strlen(0x7f1eda896c84,...)
_dl_hwcaps_contains(0,...)
_dl_hwcaps_split_masked(0x7ffe6a283580,...)
__minimal_malloc(0x10,...)
_dl_hwcaps_split(0x7ffe6a283580,...)
_dl_hwcaps_split_masked(0x7ffe6a283580,...)
index(0x7f1eda896c70,...)
index(0x7f1eda896c7a,...)
index(0x7f1eda896c84,...)
strlen(0x7f1eda896c84,...)
_dl_hwcaps_contains(0,...)
_dl_hwcaps_split_masked(0x7ffe6a283580,...)
strlen(0x7f1eda8a0d39,...)
__minimal_malloc(0xdb,...)
_dl_hwcaps_split_masked(0x7ffe6a283580,...)
_dl_hwcaps_split_masked(0x7ffe6a283580,...)
index(0x7f1eda896c70,...)
index(0x7f1eda896c7a,...)
index(0x7f1eda896c84,...)
strlen(0x7f1eda896c84,...)
_dl_hwcaps_contains(0,...)
mempcpy(0x7f1eda8a2eed,...)
_dl_hwcaps_split_masked(0x7ffe6a283580,...)
mempcpy(0x7f1eda8a2ef7,...)
mempcpy(0x7f1eda8a2efb,...)
mempcpy(0x7f1eda8a2f02,...)
mempcpy(0x7f1eda8a2f09,...)
mempcpy(0x7f1eda8a2f0d,...)
__minimal_malloc(0x28,...)
__minimal_malloc(0x140,...)
mmap64(0,...)
memset(0x7f1ec6ecc028,...)
memset(0x7f1ec6ecc078,...)
memset(0x7f1ec6ecc0c8,...)
memset(0x7f1ec6ecc118,...)
_dl_debug_initialize(0x7f1eda867000,...)
_dl_count_modids(0x7f1eda867000,...)
__GI__dl_debug_state(0x7f1eda867000,...)
_dl_audit_activity_map(0x7f1eda8a22e0,...)
access(0x7f1eda896d90,...)
_dl_audit_objopen(0x7f1eda8a2890,...)
_dl_map_object_deps(0x7f1eda8a22e0,...)
_dl_dst_count(0x55c0a09334d2,...)
index(0x55c0a09334d2,...)
.plt.sec(0x7ffe6a2831b0,...)
__GI___sigsetjmp(0x7ffe6a283020,...)
openaux(0x7ffe6a2831d0,...)
_dl_map_object(0x7f1eda8a22e0,...)
_dl_name_match_p(0x55c0a09334d2,...)
strcmp(0x55c0a09334d2,...)
strcmp(0x55c0a09334d2,...)
_dl_name_match_p(0x55c0a09334d2,...)
strcmp(0x55c0a09334d2,...)
strcmp(0x55c0a09334d2,...)
strcmp(0x55c0a09334d2,...)
strcmp(0x55c0a09334d2,...)
_dl_name_match_p(0x55c0a09334d2,...)
strcmp(0x55c0a09334d2,...)
strcmp(0x55c0a09334d2,...)
strcmp(0x55c0a09334d2,...)
index(0x55c0a09334d2,...)
strlen(0x55c0a09334d2,...)
_dl_load_cache_lookup(0x55c0a09334d2,...)
_dl_sysdep_read_whole_file(0x7f1eda89521b,...)
__open64_nocancel(0x7f1eda89521b,...)
__GI___fstat64(0x3,...)
mmap64(0,...)
__GI___close_nocancel(0x3,...)
strcmp(0x7ffe6a283e09,...)
strcmp(0x7ffe6a283e09,...)
__tunable_get_val(0x13,...)
_dl_cache_libcmp(0x55c0a09334d2,...)
_dl_cache_libcmp(0x55c0a09334d2,...)
_dl_cache_libcmp(0x55c0a09334d2,...)
_dl_cache_libcmp(0x55c0a09334d2,...)
_dl_cache_libcmp(0x55c0a09334d2,...)
_dl_cache_libcmp(0x55c0a09334d2,...)
_dl_cache_libcmp(0x55c0a09334d2,...)
_dl_cache_libcmp(0x55c0a09334d2,...)
_dl_cache_libcmp(0x55c0a09334d2,...)
_dl_cache_libcmp(0x55c0a09334d2,...)
_dl_cache_libcmp(0x55c0a09334d2,...)
strlen(0x7f1ec6dea898,...)
memcpy(0x7ffe6a282aa0,...)
strdup(0x7ffe6a282aa0,...)
strlen(0x7ffe6a282aa0,...)
__minimal_malloc(0x20,...)
open_verify.constprop.0(0x7f1ec6ecc140,...)
__open64_nocancel(0x7f1ec6ecc140,...)
__read_nocancel(0x3,...)
__pread64_nocancel(0x3,...)
__pread64_nocancel(0x3,...)
__pread64_nocancel(0x3,...)
__minimal_free(0,...)
_dl_map_object_from_fd(0x55c0a09334d2,...)
_dl_debug_update(0,...)
__GI___fstat64(0x3,...)
_dl_new_object(0x7f1ec6ecc140,...)
strlen(0x55c0a09334d2,...)
__minimal_calloc(0x4b2,...)
memcpy(0x7f1ec6ecc608,...)
strlen(0x7f1ec6ecc140,...)
__minimal_malloc(0x20,...)
mempcpy(0x7f1ec6ecc620,...)
__pread64_nocancel(0x3,...)
mmap64(0,...)
mprotect(0x7f1ec6a28000,...)
mmap64(0x7f1ec6a28000,...)
mmap64(0x7f1ec6bbd000,...)
mmap64(0x7f1ec6c16000,...)
memset(0x7f1ec6c1b888,...)
mmap64(0x7f1ec6c1c000,...)
_dl_process_pt_gnu_property(0x7f1ec6ecc160,...)
__GI___close_nocancel(0x3,...)
_dl_setup_hash(0x7f1ec6ecc160,...)
strcmp(0x7f1ec6a1e3ce,...)
_dl_assign_tls_modid(0x7f1ec6ecc160,...)
_dl_add_to_namespace_list(0x7f1ec6ecc160,...)
rtld_mutex_dummy(0x7f1eda8a1a70,...)
_dl_audit_objopen(0x7f1ec6ecc160,...)
__libc_scratch_buffer_set_array_size(0x7ffe6a283200,...)
_dl_dst_count(0x7f1ec6a1e3b9,...)
index(0x7f1ec6a1e3b9,...)
.plt.sec(0x7ffe6a2831b0,...)
__GI___sigsetjmp(0x7ffe6a283000,...)
openaux(0x7ffe6a2831d0,...)
_dl_map_object(0x7f1ec6ecc160,...)
_dl_name_match_p(0x7f1ec6a1e3b9,...)
strcmp(0x7f1ec6a1e3b9,...)
strcmp(0x7f1ec6a1e3b9,...)
_dl_name_match_p(0x7f1ec6a1e3b9,...)
strcmp(0x7f1ec6a1e3b9,...)
strcmp(0x7f1ec6a1e3b9,...)
strcmp(0x7f1ec6a1e3b9,...)
__minimal_malloc(0x28,...)
memcpy(0x7f1ec6ecc648,...)
memcpy(0x7f1ec6ecc658,...)
__minimal_malloc(0x38,...)
memcpy(0x7f1ec6ecc670,...)
_dl_sort_maps(0x7f1ec6ecc670,...)
dfs_traversal.part.0(0x7ffe6a283070,...)
dfs_traversal.part.0(0x7ffe6a283070,...)
dfs_traversal.part.0(0x7ffe6a283070,...)
memcpy(0x7f1ec6ecc670,...)
_dl_receive_error(0x7f1eda887880,...)
version_check_doit(0x7ffe6a2836f0,...)
_dl_check_all_versions(0x7f1eda8a22e0,...)
_dl_check_map_versions(0x7f1eda8a22e0,...)
_dl_name_match_p(0x55c0a09334d2,...)
strcmp(0x55c0a09334d2,...)
strcmp(0x55c0a09334d2,...)
_dl_name_match_p(0x55c0a09334d2,...)
strcmp(0x55c0a09334d2,...)
strcmp(0x55c0a09334d2,...)
_dl_name_match_p(0x55c0a09334d2,...)
strcmp(0x55c0a09334d2,...)
strcmp(0x55c0a09334d2,...)
strcmp(0x55c0a09334dc,...)
strcmp(0x55c0a09334e8,...)
strcmp(0x55c0a09334f2,...)
__minimal_calloc(0x5,...)
_dl_check_map_versions(0x7f1eda8a2890,...)
__minimal_calloc(0x3,...)
_dl_check_map_versions(0x7f1ec6ecc160,...)
_dl_name_match_p(0x7f1ec6a1e3b9,...)
strcmp(0x7f1ec6a1e3b9,...)
strcmp(0x7f1ec6a1e3b9,...)
_dl_name_match_p(0x7f1ec6a1e3b9,...)
strcmp(0x7f1ec6a1e3b9,...)
strcmp(0x7f1ec6a1e3b9,...)
_dl_name_match_p(0x7f1ec6a1e3b9,...)
strcmp(0x7f1ec6a1e3b9,...)
strcmp(0x7f1ec6a1e3b9,...)
_dl_name_match_p(0x7f1ec6a1e3b9,...)
strcmp(0x7f1ec6a1e3b9,...)
strcmp(0x7f1ec6a1e3b9,...)
strcmp(0x7f1ec6a1e3b9,...)
strcmp(0x7f1ec6a1e3d8,...)
strcmp(0x7f1ec6a1e3f0,...)
strcmp(0x7f1ec6a1e557,...)
__minimal_calloc(0x29,...)
_dl_check_map_versions(0x7f1eda8a1af0,...)
__minimal_calloc(0x8,...)
init_tls(0,...)
__minimal_calloc(0x410,...)
_dl_tls_static_surplus_init(0,...)
__tunable_get_val(0,...)
__tunable_get_val(0x20,...)
_dl_determine_tlsoffset(0x20,...)
_dl_allocate_tls_storage(0,...)
__minimal_malloc(0x1148,...)
mmap64(0,...)
__minimal_calloc(0x11,...)
__tls_init_tp(0x1002,...)
__tunable_get_val(0x5,...)
_dl_cet_check(0x7f1eda8a22e0,...)
_dl_relocate_object(0x7f1ec6ecc160,...)
_dl_lookup_symbol_x(0x7f1ec6a1cd3c,...)
do_lookup_x(0x7f1ec6a1cd3c,...)
check_match(0x7f1ec6a1cd3c,...)
strcmp(0x7f1ec6a1e3d8,...)
_dl_lookup_symbol_x(0x7f1ec6a183ef,...)
do_lookup_x(0x7f1ec6a183ef,...)
check_match(0x7f1ec6a183ef,...)
strcmp(0x7f1ec6a1e3d8,...)
_dl_lookup_symbol_x(0x7f1ec6a166d7,...)
do_lookup_x(0x7f1ec6a166d7,...)
check_match(0x7f1ec6a166d7,...)
strcmp(0x7f1ec6a1e3d8,...)
_dl_lookup_symbol_x(0x7f1ec6a16b13,...)
do_lookup_x(0x7f1ec6a16b13,...)
check_match(0x7f1ec6a16b13,...)
strcmp(0x7f1ec6a1e3d8,...)
_dl_lookup_symbol_x(0x7f1ec6a1708d,...)
do_lookup_x(0x7f1ec6a1708d,...)
check_match(0x7f1ec6a1708d,...)
strcmp(0x7f1ec6a1e3d8,...)
_dl_lookup_symbol_x(0x7f1ec6a1828c,...)
do_lookup_x(0x7f1ec6a1828c,...)
check_match(0x7f1ec6a1828c,...)
strcmp(0x7f1eda867a90,...)
strcmp(0x7f1eda867c03,...)
_dl_lookup_symbol_x(0x7f1ec6a175fa,...)
do_lookup_x(0x7f1ec6a175fa,...)
check_match(0x7f1ec6a175fa,...)
strcmp(0x7f1ec6a1e52b,...)
_dl_lookup_symbol_x(0x7f1ec6a1b42e,...)
do_lookup_x(0x7f1ec6a1b42e,...)
check_match(0x7f1ec6a1b42e,...)
strcmp(0x7f1ec6a1e3d8,...)
_dl_lookup_symbol_x(0x7f1ec6a17f46,...)
do_lookup_x(0x7f1ec6a17f46,...)
check_match(0x7f1ec6a17f46,...)
strcmp(0x7f1ec6a1e3d8,...)
_dl_lookup_symbol_x(0x7f1ec6a1812c,...)
do_lookup_x(0x7f1ec6a1812c,...)
check_match(0x7f1ec6a1812c,...)
strcmp(0x7f1ec6a1e3d8,...)
_dl_lookup_symbol_x(0x7f1ec6a183fe,...)
do_lookup_x(0x7f1ec6a183fe,...)
check_match(0x7f1ec6a183fe,...)
strcmp(0x7f1ec6a1e3d8,...)
_dl_lookup_symbol_x(0x7f1ec6a1852d,...)
do_lookup_x(0x7f1ec6a1852d,...)
check_match(0x7f1ec6a1852d,...)
strcmp(0x7f1ec6a1e3d8,...)
_dl_lookup_symbol_x(0x7f1ec6a1859f,...)
do_lookup_x(0x7f1ec6a1859f,...)
check_match(0x7f1ec6a1859f,...)
strcmp(0x7f1ec6a1e3d8,...)
_dl_lookup_symbol_x(0x7f1ec6a189f2,...)
do_lookup_x(0x7f1ec6a189f2,...)
check_match(0x7f1ec6a189f2,...)
strcmp(0x7f1ec6a1e3d8,...)
_dl_lookup_symbol_x(0x7f1ec6a18ad8,...)
do_lookup_x(0x7f1ec6a18ad8,...)
check_match(0x7f1ec6a18ad8,...)
strcmp(0x7f1ec6a1e3d8,...)
_dl_lookup_symbol_x(0x7f1ec6a18d12,...)
do_lookup_x(0x7f1ec6a18d12,...)
check_match(0x7f1ec6a18d12,...)
strcmp(0x7f1ec6a1e3d8,...)
_dl_lookup_symbol_x(0x7f1ec6a18ea9,...)
do_lookup_x(0x7f1ec6a18ea9,...)
check_match(0x7f1ec6a18ea9,...)
strcmp(0x7f1ec6a1e3d8,...)
_dl_lookup_symbol_x(0x7f1ec6a18f7f,...)
do_lookup_x(0x7f1ec6a18f7f,...)
check_match(0x7f1ec6a18f7f,...)
strcmp(0x7f1ec6a1e3d8,...)
_dl_lookup_symbol_x(0x7f1ec6a1d080,...)
do_lookup_x(0x7f1ec6a1d080,...)
check_match(0x7f1ec6a1d080,...)
strcmp(0x7f1eda867a23,...)
strcmp(0x7f1eda867c03,...)
_dl_lookup_symbol_x(0x7f1ec6a19548,...)
do_lookup_x(0x7f1ec6a19548,...)
check_match(0x7f1ec6a19548,...)
strcmp(0x7f1ec6a1e3d8,...)
_dl_lookup_symbol_x(0x7f1ec6a19548,...)
do_lookup_x(0x7f1ec6a19548,...)
check_match(0x7f1ec6a19548,...)
strcmp(0x7f1ec6a1e3d8,...)
_dl_lookup_symbol_x(0x7f1ec6a19637,...)
do_lookup_x(0x7f1ec6a19637,...)
check_match(0x7f1ec6a19637,...)
strcmp(0x7f1ec6a1e3d8,...)
_dl_lookup_symbol_x(0x7f1ec6a1987c,...)
do_lookup_x(0x7f1ec6a1987c,...)
check_match(0x7f1ec6a1987c,...)
strcmp(0x7f1ec6a1e3d8,...)
_dl_lookup_symbol_x(0x7f1ec6a19bb6,...)
do_lookup_x(0x7f1ec6a19bb6,...)
check_match(0x7f1ec6a19bb6,...)
strcmp(0x7f1ec6a1e3d8,...)
_dl_lookup_symbol_x(0x7f1ec6a19d18,...)
do_lookup_x(0x7f1ec6a19d18,...)
check_match(0x7f1ec6a19d18,...)
strcmp(0x7f1ec6a1e3d8,...)
_dl_lookup_symbol_x(0x7f1ec6a19e3f,...)
do_lookup_x(0x7f1ec6a19e3f,...)
check_match(0x7f1ec6a19e3f,...)
strcmp(0x7f1ec6a1e3d8,...)
_dl_lookup_symbol_x(0x7f1ec6a1b07d,...)
do_lookup_x(0x7f1ec6a1b07d,...)
check_match(0x7f1ec6a1b07d,...)
strcmp(0x7f1eda86799d,...)
strcmp(0x7f1eda867bcd,...)
_dl_lookup_symbol_x(0x7f1ec6a1a4a6,...)
do_lookup_x(0x7f1ec6a1a4a6,...)
check_match(0x7f1ec6a1a4a6,...)
strcmp(0x7f1ec6a1e3d8,...)
_dl_lookup_symbol_x(0x7f1ec6a1d525,...)
do_lookup_x(0x7f1ec6a1d525,...)
check_match(0x7f1ec6a1d525,...)
strcmp(0x7f1eda867ae3,...)
strcmp(0x7f1eda867c03,...)
_dl_lookup_symbol_x(0x7f1ec6a1a90c,...)
do_lookup_x(0x7f1ec6a1a90c,...)
check_match(0x7f1ec6a1a90c,...)
strcmp(0x7f1ec6a1e3d8,...)
_dl_lookup_symbol_x(0x7f1ec6a1aac4,...)
do_lookup_x(0x7f1ec6a1aac4,...)
check_match(0x7f1ec6a1aac4,...)
strcmp(0x7f1ec6a1e3d8,...)
_dl_lookup_symbol_x(0x7f1ec6a1ae03,...)
do_lookup_x(0x7f1ec6a1ae03,...)
check_match(0x7f1ec6a1ae03,...)
strcmp(0x7f1ec6a1e3d8,...)
_dl_lookup_symbol_x(0x7f1ec6a1b099,...)
do_lookup_x(0x7f1ec6a1b099,...)
check_match(0x7f1ec6a1b099,...)
strcmp(0x7f1ec6a1e3d8,...)
_dl_lookup_symbol_x(0x7f1ec6a1b0a0,...)
do_lookup_x(0x7f1ec6a1b0a0,...)
check_match(0x7f1ec6a1b0a0,...)
strcmp(0x7f1ec6a1e3d8,...)
_dl_lookup_symbol_x(0x7f1ec6a1b0a0,...)
do_lookup_x(0x7f1ec6a1b0a0,...)
check_match(0x7f1ec6a1b0a0,...)
strcmp(0x7f1ec6a1e3d8,...)
_dl_lookup_symbol_x(0x7f1ec6a1b24e,...)
do_lookup_x(0x7f1ec6a1b24e,...)
check_match(0x7f1ec6a1b24e,...)
strcmp(0x7f1ec6a1e3d8,...)
_dl_lookup_symbol_x(0x7f1ec6a175c9,...)
do_lookup_x(0x7f1ec6a175c9,...)
check_match(0x7f1ec6a175c9,...)
strcmp(0x7f1ec6a1e3d8,...)
_dl_lookup_symbol_x(0x7f1ec6a1b6af,...)
do_lookup_x(0x7f1ec6a1b6af,...)
check_match(0x7f1ec6a1b6af,...)
strcmp(0x7f1ec6a1e3d8,...)
_dl_lookup_symbol_x(0x7f1ec6a1b750,...)
do_lookup_x(0x7f1ec6a1b750,...)
check_match(0x7f1ec6a1b750,...)
strcmp(0x7f1ec6a1e3d8,...)
_dl_lookup_symbol_x(0x7f1ec6a1b2b3,...)
do_lookup_x(0x7f1ec6a1b2b3,...)
check_match(0x7f1ec6a1b2b3,...)
strcmp(0x7f1ec6a1e3d8,...)
_dl_lookup_symbol_x(0x7f1ec6a1ba64,...)
do_lookup_x(0x7f1ec6a1ba64,...)
check_match(0x7f1ec6a1ba64,...)
strcmp(0x7f1ec6a1e3d8,...)
_dl_lookup_symbol_x(0x7f1ec6a1bb28,...)
do_lookup_x(0x7f1ec6a1bb28,...)
check_match(0x7f1ec6a1bb28,...)
strcmp(0x7f1ec6a1e3d8,...)
_dl_lookup_symbol_x(0x7f1ec6a1bbc9,...)
do_lookup_x(0x7f1ec6a1bbc9,...)
check_match(0x7f1ec6a1bbc9,...)
strcmp(0x7f1ec6a1e3d8,...)
_dl_lookup_symbol_x(0x7f1ec6a1bcff,...)
do_lookup_x(0x7f1ec6a1bcff,...)
check_match(0x7f1ec6a1bcff,...)
strcmp(0x7f1ec6a1e3d8,...)
_dl_lookup_symbol_x(0x7f1ec6a1bd6a,...)
do_lookup_x(0x7f1ec6a1bd6a,...)
check_match(0x7f1ec6a1bd6a,...)
strcmp(0x7f1ec6a1e3d8,...)
_dl_lookup_symbol_x(0x7f1ec6a1718a,...)
do_lookup_x(0x7f1ec6a1718a,...)
check_match(0x7f1ec6a1718a,...)
strcmp(0x7f1ec6a1e3d8,...)
_dl_lookup_symbol_x(0x7f1ec6a1c278,...)
do_lookup_x(0x7f1ec6a1c278,...)
check_match(0x7f1ec6a1c278,...)
strcmp(0x7f1ec6a1e557,...)
_dl_lookup_symbol_x(0x7f1ec6a1c458,...)
do_lookup_x(0x7f1ec6a1c458,...)
check_match(0x7f1ec6a1c458,...)
strcmp(0x7f1ec6a1e3d8,...)
_dl_lookup_symbol_x(0x7f1ec6a1c767,...)
do_lookup_x(0x7f1ec6a1c767,...)
check_match(0x7f1ec6a1c767,...)
strcmp(0x7f1ec6a1e3d8,...)
_dl_lookup_symbol_x(0x7f1ec6a16874,...)
do_lookup_x(0x7f1ec6a16874,...)
check_match(0x7f1ec6a16874,...)
strcmp(0x7f1ec6a1e3d8,...)
_dl_lookup_symbol_x(0x7f1ec6a1cd8a,...)
do_lookup_x(0x7f1ec6a1cd8a,...)
check_match(0x7f1ec6a1cd8a,...)
strcmp(0x7f1ec6a1e3d8,...)
_dl_lookup_symbol_x(0x7f1ec6a1cd8a,...)
do_lookup_x(0x7f1ec6a1cd8a,...)
check_match(0x7f1ec6a1cd8a,...)
strcmp(0x7f1ec6a1e3d8,...)
_dl_lookup_symbol_x(0x7f1ec6a1ce3a,...)
do_lookup_x(0x7f1ec6a1ce3a,...)
check_match(0x7f1ec6a1ce3a,...)
strcmp(0x7f1ec6a1e3d8,...)
_dl_lookup_symbol_x(0x7f1ec6a1d738,...)
do_lookup_x(0x7f1ec6a1d738,...)
check_match(0x7f1ec6a1d738,...)
strcmp(0x7f1ec6a1e3d8,...)
_dl_lookup_symbol_x(0x7f1ec6a1d99e,...)
do_lookup_x(0x7f1ec6a1d99e,...)
check_match(0x7f1ec6a1d99e,...)
strcmp(0x7f1ec6a1e3d8,...)
_dl_lookup_symbol_x(0x7f1ec6a18b2a,...)
do_lookup_x(0x7f1ec6a18b2a,...)
check_match(0x7f1ec6a18b2a,...)
strcmp(0x7f1ec6a1e3d8,...)
_dl_lookup_symbol_x(0x7f1ec6a1d5f8,...)
do_lookup_x(0x7f1ec6a1d5f8,...)
check_match(0x7f1ec6a1d5f8,...)
strcmp(0x7f1eda867951,...)
strcmp(0x7f1eda867c03,...)
_dl_lookup_symbol_x(0x7f1ec6a1d5f8,...)
do_lookup_x(0x7f1ec6a1d5f8,...)
check_match(0x7f1ec6a1d5f8,...)
strcmp(0x7f1eda867951,...)
strcmp(0x7f1eda867c03,...)
_dl_lookup_symbol_x(0x7f1ec6a1dc97,...)
do_lookup_x(0x7f1ec6a1dc97,...)
check_match(0x7f1ec6a1dc97,...)
strcmp(0x7f1ec6a1e3d8,...)
_dl_lookup_symbol_x(0x7f1ec6a1dd78,...)
do_lookup_x(0x7f1ec6a1dd78,...)
check_match(0x7f1ec6a1dd78,...)
strcmp(0x7f1ec6a1e3d8,...)
_dl_lookup_symbol_x(0x7f1ec6a1dec3,...)
do_lookup_x(0x7f1ec6a1dec3,...)
check_match(0x7f1ec6a1dec3,...)
strcmp(0x7f1ec6a1e3d8,...)
_dl_lookup_symbol_x(0x7f1ec6a1dee7,...)
do_lookup_x(0x7f1ec6a1dee7,...)
check_match(0x7f1ec6a1dee7,...)
strcmp(0x7f1ec6a1e3d8,...)
_dl_lookup_symbol_x(0x7f1ec6a194b3,...)
do_lookup_x(0x7f1ec6a194b3,...)
check_match(0x7f1ec6a194b3,...)
strcmp(0x7f1ec6a1e3d8,...)
_dl_lookup_symbol_x(0x7f1ec6a1dfe3,...)
do_lookup_x(0x7f1ec6a1dfe3,...)
check_match(0x7f1ec6a1dfe3,...)
strcmp(0x7f1ec6a1e3d8,...)
_dl_lookup_symbol_x(0x7f1ec6a1e02b,...)
do_lookup_x(0x7f1ec6a1e02b,...)
check_match(0x7f1ec6a1e02b,...)
strcmp(0x7f1ec6a1e3d8,...)
_dl_lookup_symbol_x(0x7f1ec6a1e115,...)
do_lookup_x(0x7f1ec6a1e115,...)
check_match(0x7f1ec6a1e115,...)
strcmp(0x7f1ec6a1e3d8,...)
_dl_lookup_symbol_x(0x7f1ec6a1db14,...)
do_lookup_x(0x7f1ec6a1db14,...)
check_match(0x7f1ec6a1db14,...)
strcmp(0x7f1ec6a1e3d8,...)
invalid_rtn(0,...)
invalid_rtn(0,...)
invalid_rtn(0,...)
invalid_rtn(0,...)
invalid_rtn(0,...)
invalid_rtn(0,...)
invalid_rtn(0,...)
invalid_rtn(0,...)
invalid_rtn(0,...)
invalid_rtn(0,...)
invalid_rtn(0,...)
invalid_rtn(0,...)
invalid_rtn(0,...)
invalid_rtn(0,...)
invalid_rtn(0,...)
invalid_rtn(0,...)
invalid_rtn(0,...)
invalid_rtn(0,...)
invalid_rtn(0,...)
invalid_rtn(0,...)
invalid_rtn(0,...)
invalid_rtn(0,...)
invalid_rtn(0,...)
invalid_rtn(0,...)
invalid_rtn(0,...)
invalid_rtn(0,...)
invalid_rtn(0,...)
invalid_rtn(0,...)
invalid_rtn(0,...)
invalid_rtn(0,...)
invalid_rtn(0,...)
invalid_rtn(0,...)
invalid_rtn(0,...)
invalid_rtn(0,...)
invalid_rtn(0,...)
invalid_rtn(0,...)
invalid_rtn(0,...)
invalid_rtn(0,...)
invalid_rtn(0,...)
invalid_rtn(0,...)
invalid_rtn(0,...)
mprotect(0x7f1ec6c16000,...)
_dl_add_to_slotinfo(0x7f1ec6ecc160,...)
_dl_relocate_object(0x7f1eda8a22e0,...)
_dl_lookup_symbol_x(0x55c0a09334a8,...)
do_lookup_x(0x55c0a09334a8,...)
check_match(0x55c0a09334a8,...)
strcmp(0x7f1ec6a16de2,...)
strcmp(0x7f1ec6a1e541,...)
_dl_lookup_symbol_x(0x55c0a09334fd,...)
do_lookup_x(0x55c0a09334fd,...)
_dl_lookup_symbol_x(0x55c0a0933519,...)
do_lookup_x(0x55c0a0933519,...)
_dl_lookup_symbol_x(0x55c0a0933528,...)
do_lookup_x(0x55c0a0933528,...)
_dl_lookup_symbol_x(0x55c0a0933499,...)
do_lookup_x(0x55c0a0933499,...)
check_match(0x55c0a0933499,...)
check_match(0x55c0a0933499,...)
strcmp(0x7f1ec6a16c37,...)
strcmp(0x7f1ec6a1e3d8,...)
_dl_lookup_symbol_x(0x55c0a09334ba,...)
do_lookup_x(0x55c0a09334ba,...)
check_match(0x55c0a09334ba,...)
strcmp(0x7f1ec6a19032,...)
strcmp(0x7f1ec6a1e41e,...)
_dl_lookup_symbol_x(0x55c0a09334cb,...)
do_lookup_x(0x55c0a09334cb,...)
check_match(0x55c0a09334cb,...)
strcmp(0x7f1ec6a1ae6e,...)
strcmp(0x7f1ec6a1e3d8,...)
mprotect(0x55c0a0936000,...)
__GI__dl_allocate_tls_init(0x7f1ec68f5740,...)
rtld_mutex_dummy(0x7f1eda8a1a98,...)
mempcpy(0x7f1ec68f56b0,...)
memset(0x7f1ec68f56c0,...)
rtld_mutex_dummy(0x7f1eda8a1a98,...)
_dl_find_object_init(0x7f1eda8a1a98,...)
_dl_find_object_from_map(0x7f1eda8a22e0,...)
_dlfo_process_initial(0x7f1eda8a22e0,...)
__minimal_malloc(0x60,...)
_dlfo_process_initial(0x60,...)
_dl_find_object_from_map(0x7f1eda8a2890,...)
_dl_find_object_from_map(0x7f1ec6ecc160,...)
_dl_find_object_from_map(0x7f1eda8a1af0,...)
_dlfo_sort_mappings(0x7f1ec68f6260,...)
__rtld_malloc_init_real(0x7f1eda8a22e0,...)
lookup_malloc_symbol(0x7f1eda8a22e0,...)
_dl_lookup_symbol_x(0x7f1eda895935,...)
do_lookup_x(0x7f1eda895935,...)
check_match(0x7f1eda895935,...)
strcmp(0x7f1ec6a1c519,...)
strcmp(0x7f1ec6a1e3d8,...)
lookup_malloc_symbol(0x7f1eda8a22e0,...)
_dl_lookup_symbol_x(0x7f1eda89593c,...)
do_lookup_x(0x7f1eda89593c,...)
check_match(0x7f1eda89593c,...)
strcmp(0x7f1ec6a1b42e,...)
strcmp(0x7f1ec6a1e3d8,...)
lookup_malloc_symbol(0x7f1eda8a22e0,...)
_dl_lookup_symbol_x(0x7f1eda895941,...)
do_lookup_x(0x7f1eda895941,...)
check_match(0x7f1eda895941,...)
strcmp(0x7f1ec6a1db14,...)
strcmp(0x7f1ec6a1e3d8,...)
lookup_malloc_symbol(0x7f1eda8a22e0,...)
_dl_lookup_symbol_x(0x7f1eda895948,...)
do_lookup_x(0x7f1eda895948,...)
check_match(0x7f1eda895948,...)
strcmp(0x7f1ec6a17481,...)
strcmp(0x7f1ec6a1e3d8,...)
__rtld_mutex_init(0x1,...)
_dl_lookup_direct(0x7f1ec6ecc160,...)
strcmp(0x7f1ec6a19f70,...)
strcmp(0x7f1ec6a1e3d8,...)
_dl_lookup_direct(0x7f1ec6ecc160,...)
strcmp(0x7f1ec6a1d9f3,...)
strcmp(0x7f1ec6a1e3d8,...)
_dl_relocate_object(0x7f1eda8a1af0,...)
_dl_lookup_symbol_x(0x7f1eda867a38,...)
do_lookup_x(0x7f1eda867a38,...)
check_match(0x7f1eda867a38,...)
strcmp(0x7f1eda867bf8,...)
_dl_lookup_symbol_x(0x7f1eda867b93,...)
do_lookup_x(0x7f1eda867b93,...)
check_match(0x7f1eda867b93,...)
strcmp(0x7f1eda867bf8,...)
_dl_lookup_symbol_x(0x7f1eda8679ae,...)
do_lookup_x(0x7f1eda8679ae,...)
check_match(0x7f1eda8679ae,...)
strcmp(0x7f1ec6a17194,...)
strcmp(0x7f1ec6a1e557,...)
_dl_lookup_symbol_x(0x7f1eda8679fc,...)
do_lookup_x(0x7f1eda8679fc,...)
check_match(0x7f1eda8679fc,...)
strcmp(0x7f1ec6a19c33,...)
strcmp(0x7f1ec6a1e557,...)
_dl_lookup_symbol_x(0x7f1eda867b66,...)
do_lookup_x(0x7f1eda867b66,...)
check_match(0x7f1eda867b66,...)
strcmp(0x7f1ec6a192cf,...)
strcmp(0x7f1ec6a1e557,...)
_dl_lookup_symbol_x(0x7f1eda867ba8,...)
do_lookup_x(0x7f1eda867ba8,...)
check_match(0x7f1eda867ba8,...)
strcmp(0x7f1ec6a171c6,...)
strcmp(0x7f1ec6a1e557,...)
__x86_cpu_features_ifunc(0,...)
mprotect(0x7f1eda89f000,...)
_dl_call_libc_early_init(0x7f1ec6ecc160,...)
_dl_lookup_direct(0x7f1ec6ecc160,...)
strcmp(0x7f1ec6a17cb9,...)
strcmp(0x7f1ec6a1e557,...)
invalid_rtn(0x1,...)
invalid_rtn(0x3,...)
invalid_rtn(0x800000,...)
invalid_rtn(0x1f,...)
_dl_fixup(0x7f1ec6ecc160,...)
_dl_lookup_symbol_x(0x7f1ec6a1dd9a,...)
do_lookup_x(0x7f1ec6a1dd9a,...)
check_match(0x7f1ec6a1dd9a,...)
strcmp(0x7f1eda867a11,...)
strcmp(0x7f1eda867c03,...)
invalid_rtn(0x12,...)
invalid_rtn(0x8,...)
invalid_rtn(0xd,...)
invalid_rtn(0x19,...)
invalid_rtn(0x7,...)
invalid_rtn(0x15,...)
_dl_sysdep_start_cleanup(0x15,...)
_dl_audit_activity_nsid(0,...)
_dl_debug_update(0,...)
__GI__dl_debug_state(0,...)
_dl_unload_cache(0,...)
munmap(0x7f1ec6de4000,...)
_dl_init(0x7f1eda8a22e0,...)
call_init.part.0(0x7f1eda8a1af0,...)
call_init.part.0(0x7f1ec6ecc160,...)
_init_first(0x1,...)
.plt.sec(0x7ffe6a283f22,...)
check_stdfiles_vtables(0x1,...)
call_init.part.0(0x7f1eda8a22e0,...)
__libc_start_main(0x55c0a0934169,...)
__cxa_atexit(0x7f1eda86d040,...)
__new_exitfn(0x7f1ec6c1a838,...)
_init(0x1,...)
frame_dummy(0x1,...)
.plt.sec(0x7f1eda8a22e0,...)
_dl_fixup(0x7f1ec6ecc160,...)
_dl_lookup_symbol_x(0x7f1ec6a1bf7a,...)
do_lookup_x(0x7f1ec6a1bf7a,...)
check_match(0x7f1ec6a1bf7a,...)
strcmp(0x7f1eda86795e,...)
strcmp(0x7f1eda867c03,...)
__libc_start_call_main(0x55c0a0934169,...)
_setjmp(0x7ffe6a2839a0,...)
main(0x1,...)
.plt.sec(0x55c0a093502f,...)
__vfprintf_internal(0x7f1ec6c1b780,...)
.plt.sec(0x55c0a093502f,...)
__GI___libc_cleanup_push_defer(0x7ffe6a2833b0,...)
_IO_file_xsputn(0x7f1ec6c1b780,...)
_IO_file_overflow(0x7f1ec6c1b780,...)
_IO_doallocbuf(0x7f1ec6c1b780,...)
_IO_file_doallocate(0x7f1ec6c1b780,...)
_IO_file_stat(0x7f1ec6c1b780,...)
.plt.got(0x400,...)
ptmalloc_init.part.0(0x400,...)
getrandom(0x7f1ec6c214d8,...)
.plt.sec(0xe,...)
.plt.sec(0x3,...)
.plt.sec(0x1b,...)
.plt.sec(0x2,...)
.plt.sec(0x14,...)
.plt.sec(0x1a,...)
.plt.sec(0x1e,...)
.plt.sec(0x21,...)
.plt.sec(0x1d,...)
.plt.sec(0x16,...)
.plt.sec(0xb,...)
.plt.sec(0x9,...)
tcache_init.part.0(0x9,...)
_int_malloc(0x7f1ec6c1ac80,...)
sysmalloc(0x290,...)
__default_morecore(0x21000,...)
sbrk(0x21000,...)
brk(0,...)
brk(0x55c0a112d000,...)
__default_morecore(0,...)
sbrk(0,...)
_int_malloc(0x7f1ec6c1ac80,...)
_IO_setb(0x7f1ec6c1b780,...)
_IO_default_xsputn(0x7f1ec6c1b780,...)
_IO_file_overflow(0x7f1ec6c1b780,...)
_IO_file_overflow(0x7f1ec6c1b780,...)
_IO_file_overflow(0x7f1ec6c1b780,...)
_IO_file_overflow(0x7f1ec6c1b780,...)
_IO_file_overflow(0x7f1ec6c1b780,...)
.plt.sec(0x55c0a0935028,...)
_IO_file_xsputn(0x7f1ec6c1b780,...)
.plt.sec(0x55c0a110c2a5,...)
.plt.sec(0x55c0a0935036,...)
_IO_file_xsputn(0x7f1ec6c1b780,...)
.plt.sec(0x55c0a110c2ab,...)
_IO_file_overflow(0x7f1ec6c1b780,...)
_IO_file_write(0x7f1ec6c1b780,...)
write(0x1,...)
_IO_default_xsputn(0x7f1ec6c1b780,...)
_IO_file_overflow(0x7f1ec6c1b780,...)
_IO_file_overflow(0x7f1ec6c1b780,...)
_IO_file_overflow(0x7f1ec6c1b780,...)
_IO_file_overflow(0x7f1ec6c1b780,...)
_IO_file_overflow(0x7f1ec6c1b780,...)
_IO_file_overflow(0x7f1ec6c1b780,...)
_IO_file_overflow(0x7f1ec6c1b780,...)
_IO_file_overflow(0x7f1ec6c1b780,...)
_IO_file_overflow(0x7f1ec6c1b780,...)
_itoa_word(0xc,...)
_IO_file_xsputn(0x7f1ec6c1b780,...)
.plt.sec(0x55c0a110c2a9,...)
.plt.sec(0x55c0a0935042,...)
_IO_file_xsputn(0x7f1ec6c1b780,...)
.plt.sec(0x55c0a110c2ab,...)
_IO_file_overflow(0x7f1ec6c1b780,...)
_IO_file_write(0x7f1ec6c1b780,...)
write(0x1,...)
__libc_cleanup_pop_restore(0x7ffe6a2833b0,...)
.plt.sec(0x55c0a0935044,...)
__vfprintf_internal(0x7f1ec6c1b780,...)
.plt.sec(0x55c0a0935044,...)
__GI___libc_cleanup_push_defer(0x7ffe6a2833b0,...)
_IO_file_xsputn(0x7f1ec6c1b780,...)
.plt.sec(0x55c0a110c2a0,...)
.plt.sec(0x55c0a0935004,...)
_IO_file_xsputn(0x7f1ec6c1b780,...)
.plt.sec(0x55c0a110c2af,...)
.plt.sec(0x55c0a0935055,...)
_IO_file_xsputn(0x7f1ec6c1b780,...)
.plt.sec(0x55c0a110c2bd,...)
_IO_file_overflow(0x7f1ec6c1b780,...)
_IO_file_write(0x7f1ec6c1b780,...)
write(0x1,...)
__libc_cleanup_pop_restore(0x7ffe6a2833b0,...)
.plt.sec(0x55c0a0935057,...)
__vfprintf_internal(0x7f1ec6c1b780,...)
.plt.sec(0x55c0a0935057,...)
__GI___libc_cleanup_push_defer(0x7ffe6a2833b0,...)
_IO_file_xsputn(0x7f1ec6c1b780,...)
.plt.sec(0x55c0a110c2a0,...)
.plt.sec(0x7ffe6a283930,...)
_IO_file_xsputn(0x7f1ec6c1b780,...)
.plt.sec(0x55c0a110c2ac,...)
.plt.sec(0x55c0a0935065,...)
_IO_file_xsputn(0x7f1ec6c1b780,...)
.plt.sec(0x55c0a110c2b7,...)
_IO_file_overflow(0x7f1ec6c1b780,...)
_IO_file_write(0x7f1ec6c1b780,...)
write(0x1,...)
__libc_cleanup_pop_restore(0x7ffe6a2833b0,...)
.plt.sec(0x55c0a0935067,...)
__vfprintf_internal(0x7f1ec6c1b780,...)
.plt.sec(0x55c0a0935067,...)
__GI___libc_cleanup_push_defer(0x7ffe6a2833b0,...)
_IO_file_xsputn(0x7f1ec6c1b780,...)
.plt.sec(0x55c0a110c2a0,...)
.plt.sec(0x7ffe6a283950,...)
_IO_file_xsputn(0x7f1ec6c1b780,...)
.plt.sec(0x55c0a110c2ad,...)
.plt.sec(0x55c0a0935076,...)
_IO_file_xsputn(0x7f1ec6c1b780,...)
.plt.sec(0x55c0a110c2b9,...)
_IO_file_overflow(0x7f1ec6c1b780,...)
_IO_file_write(0x7f1ec6c1b780,...)
write(0x1,...)
__libc_cleanup_pop_restore(0x7ffe6a2833b0,...)
.plt.sec(0x55c0a0935078,...)
__vfprintf_internal(0x7f1ec6c1b780,...)
.plt.sec(0x55c0a0935078,...)
__GI___libc_cleanup_push_defer(0x7ffe6a2833b0,...)
_IO_file_xsputn(0x7f1ec6c1b780,...)
.plt.sec(0x55c0a110c2a0,...)
_itoa_word(0x75bcd15,...)
_IO_file_xsputn(0x7f1ec6c1b780,...)
.plt.sec(0x55c0a110c2ac,...)
.plt.sec(0x55c0a0935086,...)
_IO_file_xsputn(0x7f1ec6c1b780,...)
.plt.sec(0x55c0a110c2b5,...)
_IO_file_overflow(0x7f1ec6c1b780,...)
_IO_file_write(0x7f1ec6c1b780,...)
write(0x1,...)
__libc_cleanup_pop_restore(0x7ffe6a2833b0,...)
__GI_exit(0,...)
__run_exit_handlers(0,...)
__GI___call_tls_dtors(0,...)
_dl_fini(0,...)
pthread_mutex_lock(0x7f1eda8a1a48,...)
_dl_audit_activity_nsid(0,...)
_dl_sort_maps(0x7ffe6a283880,...)
dfs_traversal.part.0(0x7ffe6a283830,...)
dfs_traversal.part.0(0x7ffe6a283830,...)
dfs_traversal.part.0(0x7ffe6a283830,...)
dfs_traversal.part.0(0x7ffe6a283830,...)
memcpy(0x7ffe6a283880,...)
pthread_mutex_unlock(0x7f1eda8a1a48,...)
__do_global_dtors_aux(0x7f1eda8a1a48,...)
.plt.got(0x55c0a0937008,...)
__unregister_atfork(0x55c0a0937008,...)
deregister_tm_clones(0x55c0a0937008,...)
_fini(0x55c0a0937020,...)
_dl_audit_objclose(0x7f1eda8a22e0,...)
_dl_audit_objclose(0x7f1ec6ecc160,...)
_dl_audit_objclose(0x7f1eda8a1af0,...)
_dl_audit_activity_nsid(0,...)
_IO_cleanup(0,...)
_IO_flush_all_lockp(0,...)
__GI___libc_cleanup_push_defer(0x7ffe6a283820,...)
__libc_cleanup_pop_restore(0x7ffe6a283820,...)
__GI___libc_cleanup_push_defer(0x7ffe6a2838a0,...)
_IO_file_setbuf(0x7f1ec6c1b780,...)
_IO_default_setbuf(0x7f1ec6c1b780,...)
_IO_file_sync(0x7f1ec6c1b780,...)
__libc_cleanup_pop_restore(0x7ffe6a2838a0,...)
_exit(0,...)
# eof
